The system is: Windows - 10.0.19042 - AMD64
Compiling the C compiler identification source file "CMakeCCompilerId.c" succeeded.
Compiler: C:/Program Files (x86)/Microsoft Visual Studio/2019/Community/VC/Tools/MSVC/14.26.28801/bin/Hostx64/x64/cl.exe 
Build flags: 
Id flags:  

The output was:
0
Microsoft (R) C/C++ Optimizing Compiler Version 19.26.28806 for x64
Copyright (C) Microsoft Corporation.  All rights reserved.

CMakeCCompilerId.c
Microsoft (R) Incremental Linker Version 14.26.28806.0
Copyright (C) Microsoft Corporation.  All rights reserved.

/out:CMakeCCompilerId.exe 
CMakeCCompilerId.obj 


Compilation of the C compiler identification source "CMakeCCompilerId.c" produced "CMakeCCompilerId.exe"

Compilation of the C compiler identification source "CMakeCCompilerId.c" produced "CMakeCCompilerId.obj"

The C compiler identification is MSVC, found in "C:/Users/Andrew/programming/college/csce-322/trace-c/cmake-build-debug/CMakeFiles/3.17.5/CompilerIdC/CMakeCCompilerId.exe"

Determining if the C compiler works passed with the following output:
Change Dir: C:/Users/Andrew/programming/college/csce-322/trace-c/cmake-build-debug/CMakeFiles/CMakeTmp

Run Build Command(s):nmake /nologo cmTC_71d38\fast && 	"C:\Program Files (x86)\Microsoft Visual Studio\2019\Community\VC\Tools\MSVC\14.26.28801\bin\HostX64\x64\nmake.exe"  -f CMakeFiles\cmTC_71d38.dir\build.make /nologo -L                  CMakeFiles\cmTC_71d38.dir\build
Building C object CMakeFiles/cmTC_71d38.dir/testCCompiler.c.obj
	C:\PROGRA~2\MICROS~1\2019\COMMUN~1\VC\Tools\MSVC\1426~1.288\bin\Hostx64\x64\cl.exe @C:\Users\Andrew\AppData\Local\Temp\nm2025.tmp
testCCompiler.c
Linking C executable cmTC_71d38.exe
	C:\Users\Andrew\AppData\Local\JetBrains\Toolbox\apps\CLion\ch-0\203.7148.70\bin\cmake\win\bin\cmake.exe -E vs_link_exe --intdir=CMakeFiles\cmTC_71d38.dir --rc=C:\PROGRA~2\WI3CF2~1\10\bin\100183~1.0\x64\rc.exe --mt=C:\PROGRA~2\WI3CF2~1\10\bin\100183~1.0\x64\mt.exe --manifests  -- C:\PROGRA~2\MICROS~1\2019\COMMUN~1\VC\Tools\MSVC\1426~1.288\bin\Hostx64\x64\link.exe /nologo @CMakeFiles\cmTC_71d38.dir\objects1.rsp @C:\Users\Andrew\AppData\Local\Temp\nm2065.tmp



Detecting C compiler ABI info compiled with the following output:
Change Dir: C:/Users/Andrew/programming/college/csce-322/trace-c/cmake-build-debug/CMakeFiles/CMakeTmp

Run Build Command(s):nmake /nologo cmTC_9e2fc\fast && 	"C:\Program Files (x86)\Microsoft Visual Studio\2019\Community\VC\Tools\MSVC\14.26.28801\bin\HostX64\x64\nmake.exe"  -f CMakeFiles\cmTC_9e2fc.dir\build.make /nologo -L                  CMakeFiles\cmTC_9e2fc.dir\build
Building C object CMakeFiles/cmTC_9e2fc.dir/CMakeCCompilerABI.c.obj
	C:\PROGRA~2\MICROS~1\2019\COMMUN~1\VC\Tools\MSVC\1426~1.288\bin\Hostx64\x64\cl.exe @C:\Users\Andrew\AppData\Local\Temp\nm217D.tmp
CMakeCCompilerABI.c
Linking C executable cmTC_9e2fc.exe
	C:\Users\Andrew\AppData\Local\JetBrains\Toolbox\apps\CLion\ch-0\203.7148.70\bin\cmake\win\bin\cmake.exe -E vs_link_exe --intdir=CMakeFiles\cmTC_9e2fc.dir --rc=C:\PROGRA~2\WI3CF2~1\10\bin\100183~1.0\x64\rc.exe --mt=C:\PROGRA~2\WI3CF2~1\10\bin\100183~1.0\x64\mt.exe --manifests  -- C:\PROGRA~2\MICROS~1\2019\COMMUN~1\VC\Tools\MSVC\1426~1.288\bin\Hostx64\x64\link.exe /nologo @CMakeFiles\cmTC_9e2fc.dir\objects1.rsp @C:\Users\Andrew\AppData\Local\Temp\nm21BD.tmp



